<?xml version="1.0" encoding="UTF-8"?>
<testng-results ignored="0" total="1" passed="1" failed="0" skipped="0">
  <reporter-output>
  </reporter-output>
  <suite started-at="2024-05-30T10:47:26 WAT" name="Default suite" finished-at="2024-05-30T10:47:33 WAT" duration-ms="7480">
    <groups>
    </groups>
    <test started-at="2024-05-30T10:47:26 WAT" name="Default test" finished-at="2024-05-30T10:47:33 WAT" duration-ms="7480">
      <class name="com.MavenTestPackage.VerifyBrokenLinkChrome">
        <test-method is-config="true" signature="openBrowser()[pri:0, instance:com.MavenTestPackage.VerifyBrokenLinkChrome@21fd5faa]" started-at="2024-05-30T10:47:26 WAT" name="openBrowser" finished-at="2024-05-30T10:47:32 WAT" duration-ms="6561" status="PASS">
          <reporter-output>
          </reporter-output>
        </test-method> <!-- openBrowser -->
        <test-method signature="getLinks()[pri:0, instance:com.MavenTestPackage.VerifyBrokenLinkChrome@21fd5faa]" started-at="2024-05-30T10:47:32 WAT" name="getLinks" finished-at="2024-05-30T10:47:33 WAT" duration-ms="32" status="PASS">
          <reporter-output>
          </reporter-output>
        </test-method> <!-- getLinks -->
        <test-method is-config="true" signature="tearDown()[pri:0, instance:com.MavenTestPackage.VerifyBrokenLinkChrome@21fd5faa]" started-at="2024-05-30T10:47:33 WAT" name="tearDown" finished-at="2024-05-30T10:47:33 WAT" duration-ms="780" status="PASS">
          <reporter-output>
          </reporter-output>
        </test-method> <!-- tearDown -->
      </class> <!-- com.MavenTestPackage.VerifyBrokenLinkChrome -->
    </test> <!-- Default test -->
  </suite> <!-- Default suite -->
</testng-results>
